{"D:\\www.node\\api-find-a-friend\\src\\repositories\\in-memory\\in-memory-organizations-repository.ts": {"path":"D:\\www.node\\api-find-a-friend\\src\\repositories\\in-memory\\in-memory-organizations-repository.ts","all":false,"statementMap":{"0":{"start":{"line":1,"column":0},"end":{"line":1,"column":53}},"1":{"start":{"line":2,"column":0},"end":{"line":2,"column":35}},"2":{"start":{"line":3,"column":0},"end":{"line":3,"column":69}},"3":{"start":{"line":4,"column":0},"end":{"line":4,"column":0}},"4":{"start":{"line":5,"column":0},"end":{"line":5,"column":44}},"5":{"start":{"line":6,"column":0},"end":{"line":6,"column":36}},"6":{"start":{"line":7,"column":0},"end":{"line":7,"column":1}},"7":{"start":{"line":8,"column":0},"end":{"line":8,"column":35}},"8":{"start":{"line":9,"column":0},"end":{"line":9,"column":0}},"9":{"start":{"line":10,"column":0},"end":{"line":10,"column":39}},"10":{"start":{"line":11,"column":0},"end":{"line":11,"column":15}},"11":{"start":{"line":12,"column":0},"end":{"line":12,"column":3}},"12":{"start":{"line":13,"column":0},"end":{"line":13,"column":0}},"13":{"start":{"line":14,"column":0},"end":{"line":14,"column":66}},"14":{"start":{"line":15,"column":0},"end":{"line":15,"column":72}},"15":{"start":{"line":16,"column":0},"end":{"line":16,"column":0}},"16":{"start":{"line":17,"column":0},"end":{"line":17,"column":24}},"17":{"start":{"line":18,"column":0},"end":{"line":18,"column":17}},"18":{"start":{"line":19,"column":0},"end":{"line":19,"column":5}},"19":{"start":{"line":20,"column":0},"end":{"line":20,"column":0}},"20":{"start":{"line":21,"column":0},"end":{"line":21,"column":23}},"21":{"start":{"line":22,"column":0},"end":{"line":22,"column":3}},"22":{"start":{"line":23,"column":0},"end":{"line":23,"column":0}},"23":{"start":{"line":24,"column":0},"end":{"line":24,"column":54}},"24":{"start":{"line":25,"column":0},"end":{"line":25,"column":26}},"25":{"start":{"line":26,"column":0},"end":{"line":26,"column":34}},"26":{"start":{"line":27,"column":0},"end":{"line":27,"column":28}},"27":{"start":{"line":28,"column":0},"end":{"line":28,"column":20}},"28":{"start":{"line":29,"column":0},"end":{"line":29,"column":24}},"29":{"start":{"line":30,"column":0},"end":{"line":30,"column":22}},"30":{"start":{"line":31,"column":0},"end":{"line":31,"column":18}},"31":{"start":{"line":32,"column":0},"end":{"line":32,"column":22}},"32":{"start":{"line":33,"column":0},"end":{"line":33,"column":40}},"33":{"start":{"line":34,"column":0},"end":{"line":34,"column":24}},"34":{"start":{"line":35,"column":0},"end":{"line":35,"column":5}},"35":{"start":{"line":36,"column":0},"end":{"line":36,"column":0}},"36":{"start":{"line":37,"column":0},"end":{"line":37,"column":33}},"37":{"start":{"line":38,"column":0},"end":{"line":38,"column":0}},"38":{"start":{"line":39,"column":0},"end":{"line":39,"column":23}},"39":{"start":{"line":40,"column":0},"end":{"line":40,"column":3}},"40":{"start":{"line":41,"column":0},"end":{"line":41,"column":0}},"41":{"start":{"line":42,"column":0},"end":{"line":42,"column":30}},"42":{"start":{"line":43,"column":0},"end":{"line":43,"column":66}},"43":{"start":{"line":44,"column":0},"end":{"line":44,"column":0}},"44":{"start":{"line":45,"column":0},"end":{"line":45,"column":24}},"45":{"start":{"line":46,"column":0},"end":{"line":46,"column":17}},"46":{"start":{"line":47,"column":0},"end":{"line":47,"column":5}},"47":{"start":{"line":48,"column":0},"end":{"line":48,"column":0}},"48":{"start":{"line":49,"column":0},"end":{"line":49,"column":23}},"49":{"start":{"line":50,"column":0},"end":{"line":50,"column":3}},"50":{"start":{"line":51,"column":0},"end":{"line":51,"column":1}}},"s":{"0":1,"1":1,"2":1,"3":1,"4":1,"5":1,"6":6,"7":6,"8":1,"9":1,"10":0,"11":0,"12":1,"13":1,"14":8,"15":8,"16":8,"17":6,"18":6,"19":2,"20":2,"21":8,"22":1,"23":1,"24":6,"25":6,"26":6,"27":6,"28":6,"29":6,"30":6,"31":6,"32":6,"33":6,"34":6,"35":6,"36":6,"37":6,"38":6,"39":6,"40":1,"41":1,"42":3,"43":3,"44":3,"45":0,"46":0,"47":3,"48":3,"49":3,"50":1},"branchMap":{"0":{"type":"branch","line":7,"loc":{"start":{"line":7,"column":0},"end":{"line":8,"column":35}},"locations":[{"start":{"line":7,"column":0},"end":{"line":8,"column":35}}]},"1":{"type":"branch","line":14,"loc":{"start":{"line":14,"column":2},"end":{"line":22,"column":3}},"locations":[{"start":{"line":14,"column":2},"end":{"line":22,"column":3}}]},"2":{"type":"branch","line":17,"loc":{"start":{"line":17,"column":23},"end":{"line":21,"column":23}},"locations":[{"start":{"line":17,"column":23},"end":{"line":21,"column":23}}]},"3":{"type":"branch","line":17,"loc":{"start":{"line":17,"column":23},"end":{"line":19,"column":5}},"locations":[{"start":{"line":17,"column":23},"end":{"line":19,"column":5}}]},"4":{"type":"branch","line":19,"loc":{"start":{"line":19,"column":4},"end":{"line":21,"column":23}},"locations":[{"start":{"line":19,"column":4},"end":{"line":21,"column":23}}]},"5":{"type":"branch","line":15,"loc":{"start":{"line":15,"column":41},"end":{"line":15,"column":71}},"locations":[{"start":{"line":15,"column":41},"end":{"line":15,"column":71}}]},"6":{"type":"branch","line":24,"loc":{"start":{"line":24,"column":2},"end":{"line":40,"column":3}},"locations":[{"start":{"line":24,"column":2},"end":{"line":40,"column":3}}]},"7":{"type":"branch","line":42,"loc":{"start":{"line":42,"column":2},"end":{"line":50,"column":3}},"locations":[{"start":{"line":42,"column":2},"end":{"line":50,"column":3}}]},"8":{"type":"branch","line":45,"loc":{"start":{"line":45,"column":23},"end":{"line":47,"column":5}},"locations":[{"start":{"line":45,"column":23},"end":{"line":47,"column":5}}]},"9":{"type":"branch","line":43,"loc":{"start":{"line":43,"column":41},"end":{"line":43,"column":65}},"locations":[{"start":{"line":43,"column":41},"end":{"line":43,"column":65}}]}},"b":{"0":[6],"1":[8],"2":[7],"3":[6],"4":[2],"5":[2],"6":[6],"7":[3],"8":[0],"9":[3]},"fnMap":{"0":{"name":"InMemoryOrganizationsRepository","decl":{"start":{"line":7,"column":0},"end":{"line":8,"column":35}},"loc":{"start":{"line":7,"column":0},"end":{"line":8,"column":35}},"line":7},"1":{"name":"findByCity","decl":{"start":{"line":10,"column":2},"end":{"line":12,"column":3}},"loc":{"start":{"line":10,"column":2},"end":{"line":12,"column":3}},"line":10},"2":{"name":"findByEmail","decl":{"start":{"line":14,"column":2},"end":{"line":22,"column":3}},"loc":{"start":{"line":14,"column":2},"end":{"line":22,"column":3}},"line":14},"3":{"name":"create","decl":{"start":{"line":24,"column":2},"end":{"line":40,"column":3}},"loc":{"start":{"line":24,"column":2},"end":{"line":40,"column":3}},"line":24},"4":{"name":"findById","decl":{"start":{"line":42,"column":2},"end":{"line":50,"column":3}},"loc":{"start":{"line":42,"column":2},"end":{"line":50,"column":3}},"line":42}},"f":{"0":6,"1":0,"2":8,"3":6,"4":3}}
,"D:\\www.node\\api-find-a-friend\\src\\repositories\\in-memory\\in-memory-pets-repository.ts": {"path":"D:\\www.node\\api-find-a-friend\\src\\repositories\\in-memory\\in-memory-pets-repository.ts","all":false,"statementMap":{"0":{"start":{"line":1,"column":0},"end":{"line":1,"column":44}},"1":{"start":{"line":2,"column":0},"end":{"line":2,"column":8}},"2":{"start":{"line":3,"column":0},"end":{"line":3,"column":18}},"3":{"start":{"line":4,"column":0},"end":{"line":4,"column":22}},"4":{"start":{"line":5,"column":0},"end":{"line":5,"column":17}},"5":{"start":{"line":6,"column":0},"end":{"line":6,"column":27}},"6":{"start":{"line":7,"column":0},"end":{"line":7,"column":35}},"7":{"start":{"line":8,"column":0},"end":{"line":8,"column":0}},"8":{"start":{"line":9,"column":0},"end":{"line":9,"column":63}},"9":{"start":{"line":10,"column":0},"end":{"line":10,"column":26}},"10":{"start":{"line":11,"column":0},"end":{"line":11,"column":0}},"11":{"start":{"line":12,"column":0},"end":{"line":12,"column":73}},"12":{"start":{"line":13,"column":0},"end":{"line":13,"column":80}},"13":{"start":{"line":14,"column":0},"end":{"line":14,"column":0}},"14":{"start":{"line":15,"column":0},"end":{"line":15,"column":16}},"15":{"start":{"line":16,"column":0},"end":{"line":16,"column":17}},"16":{"start":{"line":17,"column":0},"end":{"line":17,"column":5}},"17":{"start":{"line":18,"column":0},"end":{"line":18,"column":0}},"18":{"start":{"line":19,"column":0},"end":{"line":19,"column":15}},"19":{"start":{"line":20,"column":0},"end":{"line":20,"column":3}},"20":{"start":{"line":21,"column":0},"end":{"line":21,"column":0}},"21":{"start":{"line":22,"column":0},"end":{"line":22,"column":51}},"22":{"start":{"line":23,"column":0},"end":{"line":23,"column":57}},"23":{"start":{"line":24,"column":0},"end":{"line":24,"column":0}},"24":{"start":{"line":25,"column":0},"end":{"line":25,"column":15}},"25":{"start":{"line":26,"column":0},"end":{"line":26,"column":17}},"26":{"start":{"line":27,"column":0},"end":{"line":27,"column":5}},"27":{"start":{"line":28,"column":0},"end":{"line":28,"column":0}},"28":{"start":{"line":29,"column":0},"end":{"line":29,"column":14}},"29":{"start":{"line":30,"column":0},"end":{"line":30,"column":3}},"30":{"start":{"line":31,"column":0},"end":{"line":31,"column":0}},"31":{"start":{"line":32,"column":0},"end":{"line":32,"column":24}},"32":{"start":{"line":33,"column":0},"end":{"line":33,"column":8}},"33":{"start":{"line":34,"column":0},"end":{"line":34,"column":16}},"34":{"start":{"line":35,"column":0},"end":{"line":35,"column":16}},"35":{"start":{"line":36,"column":0},"end":{"line":36,"column":24}},"36":{"start":{"line":37,"column":0},"end":{"line":37,"column":49}},"37":{"start":{"line":38,"column":0},"end":{"line":38,"column":33}},"38":{"start":{"line":39,"column":0},"end":{"line":39,"column":15}},"39":{"start":{"line":40,"column":0},"end":{"line":40,"column":27}},"40":{"start":{"line":41,"column":0},"end":{"line":41,"column":43}},"41":{"start":{"line":42,"column":0},"end":{"line":42,"column":43}},"42":{"start":{"line":43,"column":0},"end":{"line":43,"column":57}},"43":{"start":{"line":44,"column":0},"end":{"line":44,"column":5}},"44":{"start":{"line":45,"column":0},"end":{"line":45,"column":0}},"45":{"start":{"line":46,"column":0},"end":{"line":46,"column":16}},"46":{"start":{"line":47,"column":0},"end":{"line":47,"column":17}},"47":{"start":{"line":48,"column":0},"end":{"line":48,"column":5}},"48":{"start":{"line":49,"column":0},"end":{"line":49,"column":0}},"49":{"start":{"line":50,"column":0},"end":{"line":50,"column":15}},"50":{"start":{"line":51,"column":0},"end":{"line":51,"column":3}},"51":{"start":{"line":52,"column":0},"end":{"line":52,"column":0}},"52":{"start":{"line":53,"column":0},"end":{"line":53,"column":54}},"53":{"start":{"line":54,"column":0},"end":{"line":54,"column":17}},"54":{"start":{"line":55,"column":0},"end":{"line":55,"column":34}},"55":{"start":{"line":56,"column":0},"end":{"line":56,"column":30}},"56":{"start":{"line":57,"column":0},"end":{"line":57,"column":20}},"57":{"start":{"line":58,"column":0},"end":{"line":58,"column":36}},"58":{"start":{"line":59,"column":0},"end":{"line":59,"column":36}},"59":{"start":{"line":60,"column":0},"end":{"line":60,"column":52}},"60":{"start":{"line":61,"column":0},"end":{"line":61,"column":22}},"61":{"start":{"line":62,"column":0},"end":{"line":62,"column":18}},"62":{"start":{"line":63,"column":0},"end":{"line":63,"column":22}},"63":{"start":{"line":64,"column":0},"end":{"line":64,"column":44}},"64":{"start":{"line":65,"column":0},"end":{"line":65,"column":5}},"65":{"start":{"line":66,"column":0},"end":{"line":66,"column":0}},"66":{"start":{"line":67,"column":0},"end":{"line":67,"column":24}},"67":{"start":{"line":68,"column":0},"end":{"line":68,"column":0}},"68":{"start":{"line":69,"column":0},"end":{"line":69,"column":14}},"69":{"start":{"line":70,"column":0},"end":{"line":70,"column":3}},"70":{"start":{"line":71,"column":0},"end":{"line":71,"column":1}}},"s":{"0":1,"1":1,"2":1,"3":1,"4":1,"5":1,"6":1,"7":1,"8":1,"9":5,"10":1,"11":1,"12":1,"13":1,"14":1,"15":0,"16":0,"17":1,"18":1,"19":1,"20":1,"21":1,"22":1,"23":1,"24":1,"25":0,"26":0,"27":1,"28":1,"29":1,"30":1,"31":1,"32":1,"33":1,"34":1,"35":1,"36":1,"37":1,"38":1,"39":1,"40":0,"41":0,"42":0,"43":1,"44":1,"45":1,"46":0,"47":0,"48":1,"49":1,"50":1,"51":1,"52":1,"53":3,"54":3,"55":3,"56":3,"57":3,"58":3,"59":3,"60":3,"61":3,"62":3,"63":3,"64":3,"65":3,"66":3,"67":3,"68":3,"69":3,"70":1},"branchMap":{"0":{"type":"branch","line":9,"loc":{"start":{"line":9,"column":7},"end":{"line":10,"column":26}},"locations":[{"start":{"line":9,"column":7},"end":{"line":10,"column":26}}]},"1":{"type":"branch","line":12,"loc":{"start":{"line":12,"column":2},"end":{"line":20,"column":3}},"locations":[{"start":{"line":12,"column":2},"end":{"line":20,"column":3}}]},"2":{"type":"branch","line":15,"loc":{"start":{"line":15,"column":15},"end":{"line":17,"column":5}},"locations":[{"start":{"line":15,"column":15},"end":{"line":17,"column":5}}]},"3":{"type":"branch","line":13,"loc":{"start":{"line":13,"column":33},"end":{"line":13,"column":79}},"locations":[{"start":{"line":13,"column":33},"end":{"line":13,"column":79}}]},"4":{"type":"branch","line":22,"loc":{"start":{"line":22,"column":2},"end":{"line":30,"column":3}},"locations":[{"start":{"line":22,"column":2},"end":{"line":30,"column":3}}]},"5":{"type":"branch","line":25,"loc":{"start":{"line":25,"column":14},"end":{"line":27,"column":5}},"locations":[{"start":{"line":25,"column":14},"end":{"line":27,"column":5}}]},"6":{"type":"branch","line":23,"loc":{"start":{"line":23,"column":32},"end":{"line":23,"column":56}},"locations":[{"start":{"line":23,"column":32},"end":{"line":23,"column":56}}]},"7":{"type":"branch","line":32,"loc":{"start":{"line":32,"column":2},"end":{"line":51,"column":3}},"locations":[{"start":{"line":32,"column":2},"end":{"line":51,"column":3}}]},"8":{"type":"branch","line":46,"loc":{"start":{"line":46,"column":15},"end":{"line":48,"column":5}},"locations":[{"start":{"line":46,"column":15},"end":{"line":48,"column":5}}]},"9":{"type":"branch","line":39,"loc":{"start":{"line":39,"column":6},"end":{"line":43,"column":57}},"locations":[{"start":{"line":39,"column":6},"end":{"line":43,"column":57}}]},"10":{"type":"branch","line":40,"loc":{"start":{"line":40,"column":21},"end":{"line":41,"column":43}},"locations":[{"start":{"line":40,"column":21},"end":{"line":41,"column":43}}]},"11":{"type":"branch","line":41,"loc":{"start":{"line":41,"column":29},"end":{"line":42,"column":43}},"locations":[{"start":{"line":41,"column":29},"end":{"line":42,"column":43}}]},"12":{"type":"branch","line":42,"loc":{"start":{"line":42,"column":29},"end":{"line":43,"column":57}},"locations":[{"start":{"line":42,"column":29},"end":{"line":43,"column":57}}]},"13":{"type":"branch","line":53,"loc":{"start":{"line":53,"column":2},"end":{"line":70,"column":3}},"locations":[{"start":{"line":53,"column":2},"end":{"line":70,"column":3}}]},"14":{"type":"branch","line":56,"loc":{"start":{"line":56,"column":18},"end":{"line":56,"column":30}},"locations":[{"start":{"line":56,"column":18},"end":{"line":56,"column":30}}]}},"b":{"0":[5],"1":[1],"2":[0],"3":[1],"4":[1],"5":[0],"6":[1],"7":[1],"8":[0],"9":[1],"10":[0],"11":[0],"12":[0],"13":[3],"14":[0]},"fnMap":{"0":{"name":"InMemoryPetsRepository","decl":{"start":{"line":9,"column":7},"end":{"line":10,"column":26}},"loc":{"start":{"line":9,"column":7},"end":{"line":10,"column":26}},"line":9},"1":{"name":"findByCity","decl":{"start":{"line":12,"column":2},"end":{"line":20,"column":3}},"loc":{"start":{"line":12,"column":2},"end":{"line":20,"column":3}},"line":12},"2":{"name":"findById","decl":{"start":{"line":22,"column":2},"end":{"line":30,"column":3}},"loc":{"start":{"line":22,"column":2},"end":{"line":30,"column":3}},"line":22},"3":{"name":"findByFeatures","decl":{"start":{"line":32,"column":2},"end":{"line":51,"column":3}},"loc":{"start":{"line":32,"column":2},"end":{"line":51,"column":3}},"line":32},"4":{"name":"create","decl":{"start":{"line":53,"column":2},"end":{"line":70,"column":3}},"loc":{"start":{"line":53,"column":2},"end":{"line":70,"column":3}},"line":53}},"f":{"0":5,"1":1,"2":1,"3":1,"4":3}}
,"D:\\www.node\\api-find-a-friend\\src\\repositories\\in-memory\\in-memory-requirements-repository.ts": {"path":"D:\\www.node\\api-find-a-friend\\src\\repositories\\in-memory\\in-memory-requirements-repository.ts","all":false,"statementMap":{"0":{"start":{"line":1,"column":0},"end":{"line":1,"column":55}},"1":{"start":{"line":2,"column":0},"end":{"line":2,"column":35}},"2":{"start":{"line":3,"column":0},"end":{"line":3,"column":67}},"3":{"start":{"line":4,"column":0},"end":{"line":4,"column":0}},"4":{"start":{"line":5,"column":0},"end":{"line":5,"column":32}},"5":{"start":{"line":6,"column":0},"end":{"line":6,"column":16}},"6":{"start":{"line":7,"column":0},"end":{"line":7,"column":21}},"7":{"start":{"line":8,"column":0},"end":{"line":8,"column":1}},"8":{"start":{"line":9,"column":0},"end":{"line":9,"column":0}},"9":{"start":{"line":10,"column":0},"end":{"line":10,"column":79}},"10":{"start":{"line":11,"column":0},"end":{"line":11,"column":26}},"11":{"start":{"line":12,"column":0},"end":{"line":12,"column":0}},"12":{"start":{"line":13,"column":0},"end":{"line":13,"column":63}},"13":{"start":{"line":14,"column":0},"end":{"line":14,"column":26}},"14":{"start":{"line":15,"column":0},"end":{"line":15,"column":29}},"15":{"start":{"line":16,"column":0},"end":{"line":16,"column":13}},"16":{"start":{"line":17,"column":0},"end":{"line":17,"column":18}},"17":{"start":{"line":18,"column":0},"end":{"line":18,"column":5}},"18":{"start":{"line":19,"column":0},"end":{"line":19,"column":0}},"19":{"start":{"line":20,"column":0},"end":{"line":20,"column":33}},"20":{"start":{"line":21,"column":0},"end":{"line":21,"column":0}},"21":{"start":{"line":22,"column":0},"end":{"line":22,"column":23}},"22":{"start":{"line":23,"column":0},"end":{"line":23,"column":3}},"23":{"start":{"line":24,"column":0},"end":{"line":24,"column":1}}},"s":{"0":1,"1":1,"2":1,"3":1,"4":1,"5":1,"6":1,"7":1,"8":1,"9":1,"10":1,"11":1,"12":1,"13":2,"14":2,"15":2,"16":2,"17":2,"18":2,"19":2,"20":2,"21":2,"22":2,"23":1},"branchMap":{"0":{"type":"branch","line":10,"loc":{"start":{"line":10,"column":7},"end":{"line":11,"column":26}},"locations":[{"start":{"line":10,"column":7},"end":{"line":11,"column":26}}]},"1":{"type":"branch","line":13,"loc":{"start":{"line":13,"column":2},"end":{"line":23,"column":3}},"locations":[{"start":{"line":13,"column":2},"end":{"line":23,"column":3}}]},"2":{"type":"branch","line":15,"loc":{"start":{"line":15,"column":21},"end":{"line":15,"column":29}},"locations":[{"start":{"line":15,"column":21},"end":{"line":15,"column":29}}]}},"b":{"0":[1],"1":[2],"2":[0]},"fnMap":{"0":{"name":"InMemoryRequirementsRepository","decl":{"start":{"line":10,"column":7},"end":{"line":11,"column":26}},"loc":{"start":{"line":10,"column":7},"end":{"line":11,"column":26}},"line":10},"1":{"name":"create","decl":{"start":{"line":13,"column":2},"end":{"line":23,"column":3}},"loc":{"start":{"line":13,"column":2},"end":{"line":23,"column":3}},"line":13}},"f":{"0":1,"1":2}}
,"D:\\www.node\\api-find-a-friend\\src\\repositories\\in-memory\\in-memory-upload-repository.ts": {"path":"D:\\www.node\\api-find-a-friend\\src\\repositories\\in-memory\\in-memory-upload-repository.ts","all":false,"statementMap":{"0":{"start":{"line":1,"column":0},"end":{"line":1,"column":39}},"1":{"start":{"line":2,"column":0},"end":{"line":2,"column":35}},"2":{"start":{"line":3,"column":0},"end":{"line":3,"column":55}},"3":{"start":{"line":4,"column":0},"end":{"line":4,"column":0}},"4":{"start":{"line":5,"column":0},"end":{"line":5,"column":67}},"5":{"start":{"line":6,"column":0},"end":{"line":6,"column":26}},"6":{"start":{"line":7,"column":0},"end":{"line":7,"column":0}},"7":{"start":{"line":8,"column":0},"end":{"line":8,"column":56}},"8":{"start":{"line":9,"column":0},"end":{"line":9,"column":20}},"9":{"start":{"line":10,"column":0},"end":{"line":10,"column":23}},"10":{"start":{"line":11,"column":0},"end":{"line":11,"column":32}},"11":{"start":{"line":12,"column":0},"end":{"line":12,"column":32}},"12":{"start":{"line":13,"column":0},"end":{"line":13,"column":20}},"13":{"start":{"line":14,"column":0},"end":{"line":14,"column":22}},"14":{"start":{"line":15,"column":0},"end":{"line":15,"column":32}},"15":{"start":{"line":16,"column":0},"end":{"line":16,"column":5}},"16":{"start":{"line":17,"column":0},"end":{"line":17,"column":0}},"17":{"start":{"line":18,"column":0},"end":{"line":18,"column":27}},"18":{"start":{"line":19,"column":0},"end":{"line":19,"column":0}},"19":{"start":{"line":20,"column":0},"end":{"line":20,"column":17}},"20":{"start":{"line":21,"column":0},"end":{"line":21,"column":3}},"21":{"start":{"line":22,"column":0},"end":{"line":22,"column":1}}},"s":{"0":1,"1":1,"2":1,"3":1,"4":1,"5":2,"6":1,"7":1,"8":1,"9":1,"10":1,"11":1,"12":1,"13":1,"14":1,"15":1,"16":1,"17":1,"18":1,"19":1,"20":1,"21":1},"branchMap":{"0":{"type":"branch","line":5,"loc":{"start":{"line":5,"column":7},"end":{"line":6,"column":26}},"locations":[{"start":{"line":5,"column":7},"end":{"line":6,"column":26}}]},"1":{"type":"branch","line":8,"loc":{"start":{"line":8,"column":2},"end":{"line":21,"column":3}},"locations":[{"start":{"line":8,"column":2},"end":{"line":21,"column":3}}]},"2":{"type":"branch","line":15,"loc":{"start":{"line":15,"column":19},"end":{"line":15,"column":32}},"locations":[{"start":{"line":15,"column":19},"end":{"line":15,"column":32}}]}},"b":{"0":[2],"1":[1],"2":[0]},"fnMap":{"0":{"name":"InMemoryUploadRepository","decl":{"start":{"line":5,"column":7},"end":{"line":6,"column":26}},"loc":{"start":{"line":5,"column":7},"end":{"line":6,"column":26}},"line":5},"1":{"name":"upload","decl":{"start":{"line":8,"column":2},"end":{"line":21,"column":3}},"loc":{"start":{"line":8,"column":2},"end":{"line":21,"column":3}},"line":8}},"f":{"0":2,"1":1}}
,"D:\\www.node\\api-find-a-friend\\src\\use-case\\authenticate.ts": {"path":"D:\\www.node\\api-find-a-friend\\src\\use-case\\authenticate.ts","all":false,"statementMap":{"0":{"start":{"line":1,"column":0},"end":{"line":1,"column":81}},"1":{"start":{"line":2,"column":0},"end":{"line":2,"column":45}},"2":{"start":{"line":3,"column":0},"end":{"line":3,"column":74}},"3":{"start":{"line":4,"column":0},"end":{"line":4,"column":34}},"4":{"start":{"line":5,"column":0},"end":{"line":5,"column":0}},"5":{"start":{"line":6,"column":0},"end":{"line":6,"column":40}},"6":{"start":{"line":7,"column":0},"end":{"line":7,"column":15}},"7":{"start":{"line":8,"column":0},"end":{"line":8,"column":18}},"8":{"start":{"line":9,"column":0},"end":{"line":9,"column":1}},"9":{"start":{"line":10,"column":0},"end":{"line":10,"column":0}},"10":{"start":{"line":11,"column":0},"end":{"line":11,"column":41}},"11":{"start":{"line":12,"column":0},"end":{"line":12,"column":28}},"12":{"start":{"line":13,"column":0},"end":{"line":13,"column":1}},"13":{"start":{"line":14,"column":0},"end":{"line":14,"column":0}},"14":{"start":{"line":15,"column":0},"end":{"line":15,"column":34}},"15":{"start":{"line":16,"column":0},"end":{"line":16,"column":74}},"16":{"start":{"line":17,"column":0},"end":{"line":17,"column":0}},"17":{"start":{"line":18,"column":0},"end":{"line":18,"column":17}},"18":{"start":{"line":19,"column":0},"end":{"line":19,"column":10}},"19":{"start":{"line":20,"column":0},"end":{"line":20,"column":13}},"20":{"start":{"line":21,"column":0},"end":{"line":21,"column":76}},"21":{"start":{"line":22,"column":0},"end":{"line":22,"column":78}},"22":{"start":{"line":23,"column":0},"end":{"line":23,"column":0}},"23":{"start":{"line":24,"column":0},"end":{"line":24,"column":24}},"24":{"start":{"line":25,"column":0},"end":{"line":25,"column":40}},"25":{"start":{"line":26,"column":0},"end":{"line":26,"column":5}},"26":{"start":{"line":27,"column":0},"end":{"line":27,"column":0}},"27":{"start":{"line":28,"column":0},"end":{"line":28,"column":46}},"28":{"start":{"line":29,"column":0},"end":{"line":29,"column":15}},"29":{"start":{"line":30,"column":0},"end":{"line":30,"column":33}},"30":{"start":{"line":31,"column":0},"end":{"line":31,"column":5}},"31":{"start":{"line":32,"column":0},"end":{"line":32,"column":0}},"32":{"start":{"line":33,"column":0},"end":{"line":33,"column":31}},"33":{"start":{"line":34,"column":0},"end":{"line":34,"column":40}},"34":{"start":{"line":35,"column":0},"end":{"line":35,"column":5}},"35":{"start":{"line":36,"column":0},"end":{"line":36,"column":0}},"36":{"start":{"line":37,"column":0},"end":{"line":37,"column":12}},"37":{"start":{"line":38,"column":0},"end":{"line":38,"column":19}},"38":{"start":{"line":39,"column":0},"end":{"line":39,"column":5}},"39":{"start":{"line":40,"column":0},"end":{"line":40,"column":3}},"40":{"start":{"line":41,"column":0},"end":{"line":41,"column":1}}},"s":{"0":1,"1":1,"2":1,"3":1,"4":1,"5":1,"6":1,"7":1,"8":1,"9":1,"10":1,"11":1,"12":1,"13":1,"14":1,"15":1,"16":1,"17":1,"18":1,"19":1,"20":1,"21":1,"22":1,"23":1,"24":0,"25":0,"26":1,"27":1,"28":1,"29":1,"30":1,"31":1,"32":1,"33":0,"34":0,"35":1,"36":1,"37":1,"38":1,"39":1,"40":1},"branchMap":{"0":{"type":"branch","line":16,"loc":{"start":{"line":16,"column":2},"end":{"line":16,"column":74}},"locations":[{"start":{"line":16,"column":2},"end":{"line":16,"column":74}}]},"1":{"type":"branch","line":18,"loc":{"start":{"line":18,"column":2},"end":{"line":40,"column":3}},"locations":[{"start":{"line":18,"column":2},"end":{"line":40,"column":3}}]},"2":{"type":"branch","line":24,"loc":{"start":{"line":24,"column":23},"end":{"line":26,"column":5}},"locations":[{"start":{"line":24,"column":23},"end":{"line":26,"column":5}}]},"3":{"type":"branch","line":33,"loc":{"start":{"line":33,"column":30},"end":{"line":35,"column":5}},"locations":[{"start":{"line":33,"column":30},"end":{"line":35,"column":5}}]}},"b":{"0":[1],"1":[1],"2":[0],"3":[0]},"fnMap":{"0":{"name":"AuthenticateUseCase","decl":{"start":{"line":16,"column":2},"end":{"line":16,"column":74}},"loc":{"start":{"line":16,"column":2},"end":{"line":16,"column":74}},"line":16},"1":{"name":"execute","decl":{"start":{"line":18,"column":2},"end":{"line":40,"column":3}},"loc":{"start":{"line":18,"column":2},"end":{"line":40,"column":3}},"line":18}},"f":{"0":1,"1":1}}
,"D:\\www.node\\api-find-a-friend\\src\\use-case\\create.ts": {"path":"D:\\www.node\\api-find-a-friend\\src\\use-case\\create.ts","all":false,"statementMap":{"0":{"start":{"line":1,"column":0},"end":{"line":1,"column":63}},"1":{"start":{"line":2,"column":0},"end":{"line":2,"column":44}},"2":{"start":{"line":3,"column":0},"end":{"line":3,"column":74}},"3":{"start":{"line":4,"column":0},"end":{"line":4,"column":81}},"4":{"start":{"line":5,"column":0},"end":{"line":5,"column":0}},"5":{"start":{"line":6,"column":0},"end":{"line":6,"column":36}},"6":{"start":{"line":7,"column":0},"end":{"line":7,"column":10}},"7":{"start":{"line":8,"column":0},"end":{"line":8,"column":1}},"8":{"start":{"line":9,"column":0},"end":{"line":9,"column":0}},"9":{"start":{"line":10,"column":0},"end":{"line":10,"column":31}},"10":{"start":{"line":11,"column":0},"end":{"line":11,"column":14}},"11":{"start":{"line":12,"column":0},"end":{"line":12,"column":43}},"12":{"start":{"line":13,"column":0},"end":{"line":13,"column":61}},"13":{"start":{"line":14,"column":0},"end":{"line":14,"column":6}},"14":{"start":{"line":15,"column":0},"end":{"line":15,"column":0}},"15":{"start":{"line":16,"column":0},"end":{"line":16,"column":17}},"16":{"start":{"line":17,"column":0},"end":{"line":17,"column":10}},"17":{"start":{"line":18,"column":0},"end":{"line":18,"column":8}},"18":{"start":{"line":19,"column":0},"end":{"line":19,"column":16}},"19":{"start":{"line":20,"column":0},"end":{"line":20,"column":16}},"20":{"start":{"line":21,"column":0},"end":{"line":21,"column":24}},"21":{"start":{"line":22,"column":0},"end":{"line":22,"column":9}},"22":{"start":{"line":23,"column":0},"end":{"line":23,"column":20}},"23":{"start":{"line":24,"column":0},"end":{"line":24,"column":73}},"24":{"start":{"line":25,"column":0},"end":{"line":25,"column":69}},"25":{"start":{"line":26,"column":0},"end":{"line":26,"column":22}},"26":{"start":{"line":27,"column":0},"end":{"line":27,"column":5}},"27":{"start":{"line":28,"column":0},"end":{"line":28,"column":0}},"28":{"start":{"line":29,"column":0},"end":{"line":29,"column":24}},"29":{"start":{"line":30,"column":0},"end":{"line":30,"column":40}},"30":{"start":{"line":31,"column":0},"end":{"line":31,"column":5}},"31":{"start":{"line":32,"column":0},"end":{"line":32,"column":0}},"32":{"start":{"line":33,"column":0},"end":{"line":33,"column":50}},"33":{"start":{"line":34,"column":0},"end":{"line":34,"column":12}},"34":{"start":{"line":35,"column":0},"end":{"line":35,"column":10}},"35":{"start":{"line":36,"column":0},"end":{"line":36,"column":18}},"36":{"start":{"line":37,"column":0},"end":{"line":37,"column":18}},"37":{"start":{"line":38,"column":0},"end":{"line":38,"column":26}},"38":{"start":{"line":39,"column":0},"end":{"line":39,"column":11}},"39":{"start":{"line":40,"column":0},"end":{"line":40,"column":30}},"40":{"start":{"line":41,"column":0},"end":{"line":41,"column":26}},"41":{"start":{"line":42,"column":0},"end":{"line":42,"column":39}},"42":{"start":{"line":43,"column":0},"end":{"line":43,"column":6}},"43":{"start":{"line":44,"column":0},"end":{"line":44,"column":0}},"44":{"start":{"line":45,"column":0},"end":{"line":45,"column":18}},"45":{"start":{"line":46,"column":0},"end":{"line":46,"column":3}},"46":{"start":{"line":47,"column":0},"end":{"line":47,"column":1}}},"s":{"0":1,"1":1,"2":1,"3":1,"4":1,"5":1,"6":1,"7":1,"8":1,"9":1,"10":1,"11":3,"12":3,"13":3,"14":1,"15":1,"16":3,"17":3,"18":3,"19":3,"20":3,"21":3,"22":3,"23":3,"24":3,"25":3,"26":3,"27":3,"28":3,"29":0,"30":0,"31":3,"32":3,"33":3,"34":3,"35":3,"36":3,"37":3,"38":3,"39":3,"40":3,"41":3,"42":3,"43":3,"44":3,"45":3,"46":1},"branchMap":{"0":{"type":"branch","line":11,"loc":{"start":{"line":11,"column":2},"end":{"line":14,"column":6}},"locations":[{"start":{"line":11,"column":2},"end":{"line":14,"column":6}}]},"1":{"type":"branch","line":16,"loc":{"start":{"line":16,"column":2},"end":{"line":46,"column":3}},"locations":[{"start":{"line":16,"column":2},"end":{"line":46,"column":3}}]},"2":{"type":"branch","line":29,"loc":{"start":{"line":29,"column":23},"end":{"line":31,"column":5}},"locations":[{"start":{"line":29,"column":23},"end":{"line":31,"column":5}}]}},"b":{"0":[3],"1":[3],"2":[0]},"fnMap":{"0":{"name":"CreatePetUseCase","decl":{"start":{"line":11,"column":2},"end":{"line":14,"column":6}},"loc":{"start":{"line":11,"column":2},"end":{"line":14,"column":6}},"line":11},"1":{"name":"execute","decl":{"start":{"line":16,"column":2},"end":{"line":46,"column":3}},"loc":{"start":{"line":16,"column":2},"end":{"line":46,"column":3}},"line":16}},"f":{"0":3,"1":3}}
,"D:\\www.node\\api-find-a-friend\\src\\use-case\\find-pet-by-city.ts": {"path":"D:\\www.node\\api-find-a-friend\\src\\use-case\\find-pet-by-city.ts","all":false,"statementMap":{"0":{"start":{"line":1,"column":0},"end":{"line":1,"column":63}},"1":{"start":{"line":2,"column":0},"end":{"line":2,"column":36}},"2":{"start":{"line":3,"column":0},"end":{"line":3,"column":0}},"3":{"start":{"line":4,"column":0},"end":{"line":4,"column":39}},"4":{"start":{"line":5,"column":0},"end":{"line":5,"column":14}},"5":{"start":{"line":6,"column":0},"end":{"line":6,"column":12}},"6":{"start":{"line":7,"column":0},"end":{"line":7,"column":1}},"7":{"start":{"line":8,"column":0},"end":{"line":8,"column":0}},"8":{"start":{"line":9,"column":0},"end":{"line":9,"column":40}},"9":{"start":{"line":10,"column":0},"end":{"line":10,"column":20}},"10":{"start":{"line":11,"column":0},"end":{"line":11,"column":1}},"11":{"start":{"line":12,"column":0},"end":{"line":12,"column":0}},"12":{"start":{"line":13,"column":0},"end":{"line":13,"column":35}},"13":{"start":{"line":14,"column":0},"end":{"line":14,"column":56}},"14":{"start":{"line":15,"column":0},"end":{"line":15,"column":0}},"15":{"start":{"line":16,"column":0},"end":{"line":16,"column":17}},"16":{"start":{"line":17,"column":0},"end":{"line":17,"column":7}},"17":{"start":{"line":18,"column":0},"end":{"line":18,"column":9}},"18":{"start":{"line":19,"column":0},"end":{"line":19,"column":74}},"19":{"start":{"line":20,"column":0},"end":{"line":20,"column":71}},"20":{"start":{"line":21,"column":0},"end":{"line":21,"column":0}},"21":{"start":{"line":22,"column":0},"end":{"line":22,"column":16}},"22":{"start":{"line":23,"column":0},"end":{"line":23,"column":39}},"23":{"start":{"line":24,"column":0},"end":{"line":24,"column":5}},"24":{"start":{"line":25,"column":0},"end":{"line":25,"column":0}},"25":{"start":{"line":26,"column":0},"end":{"line":26,"column":19}},"26":{"start":{"line":27,"column":0},"end":{"line":27,"column":3}},"27":{"start":{"line":28,"column":0},"end":{"line":28,"column":1}}},"s":{"0":1,"1":1,"2":1,"3":1,"4":1,"5":1,"6":1,"7":1,"8":1,"9":1,"10":1,"11":1,"12":1,"13":1,"14":1,"15":1,"16":1,"17":1,"18":1,"19":1,"20":1,"21":1,"22":1,"23":1,"24":0,"25":0,"26":1,"27":1},"branchMap":{"0":{"type":"branch","line":14,"loc":{"start":{"line":14,"column":2},"end":{"line":14,"column":56}},"locations":[{"start":{"line":14,"column":2},"end":{"line":14,"column":56}}]},"1":{"type":"branch","line":16,"loc":{"start":{"line":16,"column":2},"end":{"line":27,"column":3}},"locations":[{"start":{"line":16,"column":2},"end":{"line":27,"column":3}}]},"2":{"type":"branch","line":24,"loc":{"start":{"line":24,"column":4},"end":{"line":26,"column":19}},"locations":[{"start":{"line":24,"column":4},"end":{"line":26,"column":19}}]}},"b":{"0":[1],"1":[1],"2":[0]},"fnMap":{"0":{"name":"FindPetByCityUseCase","decl":{"start":{"line":14,"column":2},"end":{"line":14,"column":56}},"loc":{"start":{"line":14,"column":2},"end":{"line":14,"column":56}},"line":14},"1":{"name":"execute","decl":{"start":{"line":16,"column":2},"end":{"line":27,"column":3}},"loc":{"start":{"line":16,"column":2},"end":{"line":27,"column":3}},"line":16}},"f":{"0":1,"1":1}}
,"D:\\www.node\\api-find-a-friend\\src\\use-case\\find-pet-by-features.ts": {"path":"D:\\www.node\\api-find-a-friend\\src\\use-case\\find-pet-by-features.ts","all":false,"statementMap":{"0":{"start":{"line":1,"column":0},"end":{"line":1,"column":63}},"1":{"start":{"line":2,"column":0},"end":{"line":2,"column":36}},"2":{"start":{"line":3,"column":0},"end":{"line":3,"column":0}},"3":{"start":{"line":4,"column":0},"end":{"line":4,"column":42}},"4":{"start":{"line":5,"column":0},"end":{"line":5,"column":20}},"5":{"start":{"line":6,"column":0},"end":{"line":6,"column":1}},"6":{"start":{"line":7,"column":0},"end":{"line":7,"column":0}},"7":{"start":{"line":8,"column":0},"end":{"line":8,"column":31}},"8":{"start":{"line":9,"column":0},"end":{"line":9,"column":14}},"9":{"start":{"line":10,"column":0},"end":{"line":10,"column":67}},"10":{"start":{"line":11,"column":0},"end":{"line":11,"column":75}},"11":{"start":{"line":12,"column":0},"end":{"line":12,"column":42}},"12":{"start":{"line":13,"column":0},"end":{"line":13,"column":1}},"13":{"start":{"line":14,"column":0},"end":{"line":14,"column":0}},"14":{"start":{"line":15,"column":0},"end":{"line":15,"column":39}},"15":{"start":{"line":16,"column":0},"end":{"line":16,"column":56}},"16":{"start":{"line":17,"column":0},"end":{"line":17,"column":0}},"17":{"start":{"line":18,"column":0},"end":{"line":18,"column":17}},"18":{"start":{"line":19,"column":0},"end":{"line":19,"column":8}},"19":{"start":{"line":20,"column":0},"end":{"line":20,"column":16}},"20":{"start":{"line":21,"column":0},"end":{"line":21,"column":16}},"21":{"start":{"line":22,"column":0},"end":{"line":22,"column":24}},"22":{"start":{"line":23,"column":0},"end":{"line":23,"column":68}},"23":{"start":{"line":24,"column":0},"end":{"line":24,"column":59}},"24":{"start":{"line":25,"column":0},"end":{"line":25,"column":10}},"25":{"start":{"line":26,"column":0},"end":{"line":26,"column":18}},"26":{"start":{"line":27,"column":0},"end":{"line":27,"column":18}},"27":{"start":{"line":28,"column":0},"end":{"line":28,"column":26}},"28":{"start":{"line":29,"column":0},"end":{"line":29,"column":6}},"29":{"start":{"line":30,"column":0},"end":{"line":30,"column":0}},"30":{"start":{"line":31,"column":0},"end":{"line":31,"column":19}},"31":{"start":{"line":32,"column":0},"end":{"line":32,"column":3}},"32":{"start":{"line":33,"column":0},"end":{"line":33,"column":1}}},"s":{"0":1,"1":1,"2":1,"3":1,"4":1,"5":1,"6":1,"7":1,"8":1,"9":1,"10":1,"11":1,"12":1,"13":1,"14":1,"15":1,"16":1,"17":1,"18":1,"19":1,"20":1,"21":1,"22":1,"23":1,"24":1,"25":1,"26":1,"27":1,"28":1,"29":1,"30":1,"31":1,"32":1},"branchMap":{"0":{"type":"branch","line":16,"loc":{"start":{"line":16,"column":2},"end":{"line":16,"column":56}},"locations":[{"start":{"line":16,"column":2},"end":{"line":16,"column":56}}]},"1":{"type":"branch","line":18,"loc":{"start":{"line":18,"column":2},"end":{"line":32,"column":3}},"locations":[{"start":{"line":18,"column":2},"end":{"line":32,"column":3}}]}},"b":{"0":[1],"1":[1]},"fnMap":{"0":{"name":"FindPetByFeaturesUseCase","decl":{"start":{"line":16,"column":2},"end":{"line":16,"column":56}},"loc":{"start":{"line":16,"column":2},"end":{"line":16,"column":56}},"line":16},"1":{"name":"execute","decl":{"start":{"line":18,"column":2},"end":{"line":32,"column":3}},"loc":{"start":{"line":18,"column":2},"end":{"line":32,"column":3}},"line":18}},"f":{"0":1,"1":1}}
,"D:\\www.node\\api-find-a-friend\\src\\use-case\\find-pet-by-id.ts": {"path":"D:\\www.node\\api-find-a-friend\\src\\use-case\\find-pet-by-id.ts","all":false,"statementMap":{"0":{"start":{"line":1,"column":0},"end":{"line":1,"column":63}},"1":{"start":{"line":2,"column":0},"end":{"line":2,"column":36}},"2":{"start":{"line":3,"column":0},"end":{"line":3,"column":0}},"3":{"start":{"line":4,"column":0},"end":{"line":4,"column":38}},"4":{"start":{"line":5,"column":0},"end":{"line":5,"column":18}},"5":{"start":{"line":6,"column":0},"end":{"line":6,"column":1}},"6":{"start":{"line":7,"column":0},"end":{"line":7,"column":0}},"7":{"start":{"line":8,"column":0},"end":{"line":8,"column":33}},"8":{"start":{"line":9,"column":0},"end":{"line":9,"column":56}},"9":{"start":{"line":10,"column":0},"end":{"line":10,"column":0}},"10":{"start":{"line":11,"column":0},"end":{"line":11,"column":66}},"11":{"start":{"line":12,"column":0},"end":{"line":12,"column":55}},"12":{"start":{"line":13,"column":0},"end":{"line":13,"column":0}},"13":{"start":{"line":14,"column":0},"end":{"line":14,"column":19}},"14":{"start":{"line":15,"column":0},"end":{"line":15,"column":3}},"15":{"start":{"line":16,"column":0},"end":{"line":16,"column":1}}},"s":{"0":1,"1":1,"2":1,"3":1,"4":1,"5":1,"6":1,"7":1,"8":1,"9":1,"10":1,"11":1,"12":1,"13":1,"14":1,"15":1},"branchMap":{"0":{"type":"branch","line":9,"loc":{"start":{"line":9,"column":2},"end":{"line":9,"column":56}},"locations":[{"start":{"line":9,"column":2},"end":{"line":9,"column":56}}]},"1":{"type":"branch","line":11,"loc":{"start":{"line":11,"column":2},"end":{"line":15,"column":3}},"locations":[{"start":{"line":11,"column":2},"end":{"line":15,"column":3}}]}},"b":{"0":[1],"1":[1]},"fnMap":{"0":{"name":"FindPetByIdUseCase","decl":{"start":{"line":9,"column":2},"end":{"line":9,"column":56}},"loc":{"start":{"line":9,"column":2},"end":{"line":9,"column":56}},"line":9},"1":{"name":"execute","decl":{"start":{"line":11,"column":2},"end":{"line":15,"column":3}},"loc":{"start":{"line":11,"column":2},"end":{"line":15,"column":3}},"line":11}},"f":{"0":1,"1":1}}
,"D:\\www.node\\api-find-a-friend\\src\\use-case\\register.ts": {"path":"D:\\www.node\\api-find-a-friend\\src\\use-case\\register.ts","all":false,"statementMap":{"0":{"start":{"line":1,"column":0},"end":{"line":1,"column":81}},"1":{"start":{"line":2,"column":0},"end":{"line":2,"column":45}},"2":{"start":{"line":3,"column":0},"end":{"line":3,"column":31}},"3":{"start":{"line":4,"column":0},"end":{"line":4,"column":80}},"4":{"start":{"line":5,"column":0},"end":{"line":5,"column":0}},"5":{"start":{"line":6,"column":0},"end":{"line":6,"column":34}},"6":{"start":{"line":7,"column":0},"end":{"line":7,"column":14}},"7":{"start":{"line":8,"column":0},"end":{"line":8,"column":15}},"8":{"start":{"line":9,"column":0},"end":{"line":9,"column":18}},"9":{"start":{"line":10,"column":0},"end":{"line":10,"column":13}},"10":{"start":{"line":11,"column":0},"end":{"line":11,"column":12}},"11":{"start":{"line":12,"column":0},"end":{"line":12,"column":14}},"12":{"start":{"line":13,"column":0},"end":{"line":13,"column":17}},"13":{"start":{"line":14,"column":0},"end":{"line":14,"column":15}},"14":{"start":{"line":15,"column":0},"end":{"line":15,"column":1}},"15":{"start":{"line":16,"column":0},"end":{"line":16,"column":0}},"16":{"start":{"line":17,"column":0},"end":{"line":17,"column":48}},"17":{"start":{"line":18,"column":0},"end":{"line":18,"column":28}},"18":{"start":{"line":19,"column":0},"end":{"line":19,"column":1}},"19":{"start":{"line":20,"column":0},"end":{"line":20,"column":0}},"20":{"start":{"line":21,"column":0},"end":{"line":21,"column":44}},"21":{"start":{"line":22,"column":0},"end":{"line":22,"column":73}},"22":{"start":{"line":23,"column":0},"end":{"line":23,"column":0}},"23":{"start":{"line":24,"column":0},"end":{"line":24,"column":17}},"24":{"start":{"line":25,"column":0},"end":{"line":25,"column":10}},"25":{"start":{"line":26,"column":0},"end":{"line":26,"column":9}},"26":{"start":{"line":27,"column":0},"end":{"line":27,"column":13}},"27":{"start":{"line":28,"column":0},"end":{"line":28,"column":8}},"28":{"start":{"line":29,"column":0},"end":{"line":29,"column":7}},"29":{"start":{"line":30,"column":0},"end":{"line":30,"column":9}},"30":{"start":{"line":31,"column":0},"end":{"line":31,"column":12}},"31":{"start":{"line":32,"column":0},"end":{"line":32,"column":10}},"32":{"start":{"line":33,"column":0},"end":{"line":33,"column":77}},"33":{"start":{"line":34,"column":0},"end":{"line":34,"column":49}},"34":{"start":{"line":35,"column":0},"end":{"line":35,"column":0}},"35":{"start":{"line":36,"column":0},"end":{"line":36,"column":75}},"36":{"start":{"line":37,"column":0},"end":{"line":37,"column":12}},"37":{"start":{"line":38,"column":0},"end":{"line":38,"column":5}},"38":{"start":{"line":39,"column":0},"end":{"line":39,"column":0}},"39":{"start":{"line":40,"column":0},"end":{"line":40,"column":27}},"40":{"start":{"line":41,"column":0},"end":{"line":41,"column":43}},"41":{"start":{"line":42,"column":0},"end":{"line":42,"column":5}},"42":{"start":{"line":43,"column":0},"end":{"line":43,"column":0}},"43":{"start":{"line":44,"column":0},"end":{"line":44,"column":67}},"44":{"start":{"line":45,"column":0},"end":{"line":45,"column":14}},"45":{"start":{"line":46,"column":0},"end":{"line":46,"column":10}},"46":{"start":{"line":47,"column":0},"end":{"line":47,"column":12}},"47":{"start":{"line":48,"column":0},"end":{"line":48,"column":11}},"48":{"start":{"line":49,"column":0},"end":{"line":49,"column":9}},"49":{"start":{"line":50,"column":0},"end":{"line":50,"column":11}},"50":{"start":{"line":51,"column":0},"end":{"line":51,"column":20}},"51":{"start":{"line":52,"column":0},"end":{"line":52,"column":12}},"52":{"start":{"line":53,"column":0},"end":{"line":53,"column":6}},"53":{"start":{"line":54,"column":0},"end":{"line":54,"column":0}},"54":{"start":{"line":55,"column":0},"end":{"line":55,"column":27}},"55":{"start":{"line":56,"column":0},"end":{"line":56,"column":3}},"56":{"start":{"line":57,"column":0},"end":{"line":57,"column":1}}},"s":{"0":1,"1":1,"2":1,"3":1,"4":1,"5":1,"6":1,"7":1,"8":1,"9":1,"10":1,"11":1,"12":1,"13":1,"14":1,"15":1,"16":1,"17":1,"18":1,"19":1,"20":1,"21":1,"22":1,"23":1,"24":7,"25":7,"26":7,"27":7,"28":7,"29":7,"30":7,"31":7,"32":7,"33":7,"34":7,"35":7,"36":7,"37":7,"38":7,"39":7,"40":1,"41":1,"42":6,"43":6,"44":6,"45":6,"46":6,"47":6,"48":6,"49":6,"50":6,"51":6,"52":6,"53":6,"54":6,"55":7,"56":1},"branchMap":{"0":{"type":"branch","line":22,"loc":{"start":{"line":22,"column":2},"end":{"line":22,"column":73}},"locations":[{"start":{"line":22,"column":2},"end":{"line":22,"column":73}}]},"1":{"type":"branch","line":24,"loc":{"start":{"line":24,"column":2},"end":{"line":56,"column":3}},"locations":[{"start":{"line":24,"column":2},"end":{"line":56,"column":3}}]},"2":{"type":"branch","line":40,"loc":{"start":{"line":40,"column":26},"end":{"line":42,"column":5}},"locations":[{"start":{"line":40,"column":26},"end":{"line":42,"column":5}}]},"3":{"type":"branch","line":42,"loc":{"start":{"line":42,"column":4},"end":{"line":55,"column":27}},"locations":[{"start":{"line":42,"column":4},"end":{"line":55,"column":27}}]}},"b":{"0":[6],"1":[7],"2":[1],"3":[6]},"fnMap":{"0":{"name":"RegisterOrganizationsUserCase","decl":{"start":{"line":22,"column":2},"end":{"line":22,"column":73}},"loc":{"start":{"line":22,"column":2},"end":{"line":22,"column":73}},"line":22},"1":{"name":"execute","decl":{"start":{"line":24,"column":2},"end":{"line":56,"column":3}},"loc":{"start":{"line":24,"column":2},"end":{"line":56,"column":3}},"line":24}},"f":{"0":6,"1":7}}
,"D:\\www.node\\api-find-a-friend\\src\\use-case\\requirement.ts": {"path":"D:\\www.node\\api-find-a-friend\\src\\use-case\\requirement.ts","all":false,"statementMap":{"0":{"start":{"line":1,"column":0},"end":{"line":1,"column":79}},"1":{"start":{"line":2,"column":0},"end":{"line":2,"column":0}},"2":{"start":{"line":3,"column":0},"end":{"line":3,"column":35}},"3":{"start":{"line":4,"column":0},"end":{"line":4,"column":23}},"4":{"start":{"line":5,"column":0},"end":{"line":5,"column":16}},"5":{"start":{"line":6,"column":0},"end":{"line":6,"column":1}},"6":{"start":{"line":7,"column":0},"end":{"line":7,"column":0}},"7":{"start":{"line":8,"column":0},"end":{"line":8,"column":33}},"8":{"start":{"line":9,"column":0},"end":{"line":9,"column":72}},"9":{"start":{"line":10,"column":0},"end":{"line":10,"column":0}},"10":{"start":{"line":11,"column":0},"end":{"line":11,"column":67}},"11":{"start":{"line":12,"column":0},"end":{"line":12,"column":27}},"12":{"start":{"line":13,"column":0},"end":{"line":13,"column":0}},"13":{"start":{"line":14,"column":0},"end":{"line":14,"column":37}},"14":{"start":{"line":15,"column":0},"end":{"line":15,"column":75}},"15":{"start":{"line":16,"column":0},"end":{"line":16,"column":26}},"16":{"start":{"line":17,"column":0},"end":{"line":17,"column":15}},"17":{"start":{"line":18,"column":0},"end":{"line":18,"column":8}},"18":{"start":{"line":19,"column":0},"end":{"line":19,"column":0}},"19":{"start":{"line":20,"column":0},"end":{"line":20,"column":43}},"20":{"start":{"line":21,"column":0},"end":{"line":21,"column":5}},"21":{"start":{"line":22,"column":0},"end":{"line":22,"column":0}},"22":{"start":{"line":23,"column":0},"end":{"line":23,"column":23}},"23":{"start":{"line":24,"column":0},"end":{"line":24,"column":3}},"24":{"start":{"line":25,"column":0},"end":{"line":25,"column":1}}},"s":{"0":1,"1":1,"2":1,"3":1,"4":1,"5":1,"6":1,"7":1,"8":1,"9":1,"10":1,"11":1,"12":1,"13":1,"14":2,"15":2,"16":2,"17":2,"18":2,"19":2,"20":2,"21":1,"22":1,"23":1,"24":1},"branchMap":{"0":{"type":"branch","line":9,"loc":{"start":{"line":9,"column":2},"end":{"line":9,"column":72}},"locations":[{"start":{"line":9,"column":2},"end":{"line":9,"column":72}}]},"1":{"type":"branch","line":11,"loc":{"start":{"line":11,"column":2},"end":{"line":24,"column":3}},"locations":[{"start":{"line":11,"column":2},"end":{"line":24,"column":3}}]},"2":{"type":"branch","line":14,"loc":{"start":{"line":14,"column":36},"end":{"line":21,"column":5}},"locations":[{"start":{"line":14,"column":36},"end":{"line":21,"column":5}}]}},"b":{"0":[1],"1":[1],"2":[2]},"fnMap":{"0":{"name":"RequirementUseCase","decl":{"start":{"line":9,"column":2},"end":{"line":9,"column":72}},"loc":{"start":{"line":9,"column":2},"end":{"line":9,"column":72}},"line":9},"1":{"name":"execute","decl":{"start":{"line":11,"column":2},"end":{"line":24,"column":3}},"loc":{"start":{"line":11,"column":2},"end":{"line":24,"column":3}},"line":11}},"f":{"0":1,"1":1}}
,"D:\\www.node\\api-find-a-friend\\src\\use-case\\upload.ts": {"path":"D:\\www.node\\api-find-a-friend\\src\\use-case\\upload.ts","all":false,"statementMap":{"0":{"start":{"line":1,"column":0},"end":{"line":1,"column":67}},"1":{"start":{"line":2,"column":0},"end":{"line":2,"column":46}},"2":{"start":{"line":3,"column":0},"end":{"line":3,"column":68}},"3":{"start":{"line":4,"column":0},"end":{"line":4,"column":0}},"4":{"start":{"line":5,"column":0},"end":{"line":5,"column":36}},"5":{"start":{"line":6,"column":0},"end":{"line":6,"column":14}},"6":{"start":{"line":7,"column":0},"end":{"line":7,"column":1}},"7":{"start":{"line":8,"column":0},"end":{"line":8,"column":0}},"8":{"start":{"line":9,"column":0},"end":{"line":9,"column":28}},"9":{"start":{"line":10,"column":0},"end":{"line":10,"column":60}},"10":{"start":{"line":11,"column":0},"end":{"line":11,"column":0}},"11":{"start":{"line":12,"column":0},"end":{"line":12,"column":17}},"12":{"start":{"line":13,"column":0},"end":{"line":13,"column":14}},"13":{"start":{"line":14,"column":0},"end":{"line":14,"column":14}},"14":{"start":{"line":15,"column":0},"end":{"line":15,"column":8}},"15":{"start":{"line":16,"column":0},"end":{"line":16,"column":9}},"16":{"start":{"line":17,"column":0},"end":{"line":17,"column":11}},"17":{"start":{"line":18,"column":0},"end":{"line":18,"column":75}},"18":{"start":{"line":19,"column":0},"end":{"line":19,"column":18}},"19":{"start":{"line":20,"column":0},"end":{"line":20,"column":39}},"20":{"start":{"line":21,"column":0},"end":{"line":21,"column":5}},"21":{"start":{"line":22,"column":0},"end":{"line":22,"column":0}},"22":{"start":{"line":23,"column":0},"end":{"line":23,"column":54}},"23":{"start":{"line":24,"column":0},"end":{"line":24,"column":16}},"24":{"start":{"line":25,"column":0},"end":{"line":25,"column":16}},"25":{"start":{"line":26,"column":0},"end":{"line":26,"column":10}},"26":{"start":{"line":27,"column":0},"end":{"line":27,"column":11}},"27":{"start":{"line":28,"column":0},"end":{"line":28,"column":13}},"28":{"start":{"line":29,"column":0},"end":{"line":29,"column":6}},"29":{"start":{"line":30,"column":0},"end":{"line":30,"column":0}},"30":{"start":{"line":31,"column":0},"end":{"line":31,"column":20}},"31":{"start":{"line":32,"column":0},"end":{"line":32,"column":3}},"32":{"start":{"line":33,"column":0},"end":{"line":33,"column":1}}},"s":{"0":1,"1":1,"2":1,"3":1,"4":1,"5":1,"6":1,"7":1,"8":1,"9":1,"10":1,"11":1,"12":2,"13":2,"14":2,"15":2,"16":2,"17":2,"18":2,"19":1,"20":1,"21":1,"22":1,"23":1,"24":1,"25":1,"26":1,"27":1,"28":1,"29":1,"30":1,"31":2,"32":1},"branchMap":{"0":{"type":"branch","line":10,"loc":{"start":{"line":10,"column":2},"end":{"line":10,"column":60}},"locations":[{"start":{"line":10,"column":2},"end":{"line":10,"column":60}}]},"1":{"type":"branch","line":12,"loc":{"start":{"line":12,"column":2},"end":{"line":32,"column":3}},"locations":[{"start":{"line":12,"column":2},"end":{"line":32,"column":3}}]},"2":{"type":"branch","line":19,"loc":{"start":{"line":19,"column":17},"end":{"line":31,"column":20}},"locations":[{"start":{"line":19,"column":17},"end":{"line":31,"column":20}}]}},"b":{"0":[2],"1":[2],"2":[1]},"fnMap":{"0":{"name":"UploadUseCase","decl":{"start":{"line":10,"column":2},"end":{"line":10,"column":60}},"loc":{"start":{"line":10,"column":2},"end":{"line":10,"column":60}},"line":10},"1":{"name":"execute","decl":{"start":{"line":12,"column":2},"end":{"line":32,"column":3}},"loc":{"start":{"line":12,"column":2},"end":{"line":32,"column":3}},"line":12}},"f":{"0":2,"1":2}}
,"D:\\www.node\\api-find-a-friend\\src\\use-case\\errors\\Invalid-credencial-error.ts": {"path":"D:\\www.node\\api-find-a-friend\\src\\use-case\\errors\\Invalid-credencial-error.ts","all":false,"statementMap":{"0":{"start":{"line":1,"column":0},"end":{"line":1,"column":51}},"1":{"start":{"line":2,"column":0},"end":{"line":2,"column":17}},"2":{"start":{"line":3,"column":0},"end":{"line":3,"column":32}},"3":{"start":{"line":4,"column":0},"end":{"line":4,"column":3}},"4":{"start":{"line":5,"column":0},"end":{"line":5,"column":1}}},"s":{"0":1,"1":1,"2":0,"3":0,"4":1},"branchMap":{},"b":{},"fnMap":{"0":{"name":"InvalidCredencialError","decl":{"start":{"line":2,"column":2},"end":{"line":4,"column":3}},"loc":{"start":{"line":2,"column":2},"end":{"line":4,"column":3}},"line":2}},"f":{"0":0}}
,"D:\\www.node\\api-find-a-friend\\src\\use-case\\errors\\not-pet-id-provided.ts": {"path":"D:\\www.node\\api-find-a-friend\\src\\use-case\\errors\\not-pet-id-provided.ts","all":false,"statementMap":{"0":{"start":{"line":1,"column":0},"end":{"line":1,"column":50}},"1":{"start":{"line":2,"column":0},"end":{"line":2,"column":17}},"2":{"start":{"line":3,"column":0},"end":{"line":3,"column":32}},"3":{"start":{"line":4,"column":0},"end":{"line":4,"column":3}},"4":{"start":{"line":5,"column":0},"end":{"line":5,"column":1}}},"s":{"0":1,"1":1,"2":1,"3":1,"4":1},"branchMap":{"0":{"type":"branch","line":2,"loc":{"start":{"line":2,"column":2},"end":{"line":4,"column":3}},"locations":[{"start":{"line":2,"column":2},"end":{"line":4,"column":3}}]}},"b":{"0":[1]},"fnMap":{"0":{"name":"NotPetIdProvidedError","decl":{"start":{"line":2,"column":2},"end":{"line":4,"column":3}},"loc":{"start":{"line":2,"column":2},"end":{"line":4,"column":3}},"line":2}},"f":{"0":1}}
,"D:\\www.node\\api-find-a-friend\\src\\use-case\\errors\\organization-already-exists.ts": {"path":"D:\\www.node\\api-find-a-friend\\src\\use-case\\errors\\organization-already-exists.ts","all":false,"statementMap":{"0":{"start":{"line":1,"column":0},"end":{"line":1,"column":54}},"1":{"start":{"line":2,"column":0},"end":{"line":2,"column":17}},"2":{"start":{"line":3,"column":0},"end":{"line":3,"column":51}},"3":{"start":{"line":4,"column":0},"end":{"line":4,"column":3}},"4":{"start":{"line":5,"column":0},"end":{"line":5,"column":1}}},"s":{"0":1,"1":1,"2":1,"3":1,"4":1},"branchMap":{"0":{"type":"branch","line":2,"loc":{"start":{"line":2,"column":2},"end":{"line":4,"column":3}},"locations":[{"start":{"line":2,"column":2},"end":{"line":4,"column":3}}]}},"b":{"0":[1]},"fnMap":{"0":{"name":"OrganizationAlreadyExists","decl":{"start":{"line":2,"column":2},"end":{"line":4,"column":3}},"loc":{"start":{"line":2,"column":2},"end":{"line":4,"column":3}},"line":2}},"f":{"0":1}}
,"D:\\www.node\\api-find-a-friend\\src\\use-case\\errors\\organization_id_required.ts": {"path":"D:\\www.node\\api-find-a-friend\\src\\use-case\\errors\\organization_id_required.ts","all":false,"statementMap":{"0":{"start":{"line":1,"column":0},"end":{"line":1,"column":51}},"1":{"start":{"line":2,"column":0},"end":{"line":2,"column":17}},"2":{"start":{"line":3,"column":0},"end":{"line":3,"column":34}},"3":{"start":{"line":4,"column":0},"end":{"line":4,"column":3}},"4":{"start":{"line":5,"column":0},"end":{"line":5,"column":1}}},"s":{"0":1,"1":1,"2":0,"3":0,"4":1},"branchMap":{},"b":{},"fnMap":{"0":{"name":"OrganizationIdRequired","decl":{"start":{"line":2,"column":2},"end":{"line":4,"column":3}},"loc":{"start":{"line":2,"column":2},"end":{"line":4,"column":3}},"line":2}},"f":{"0":0}}
}
